<?xml version="1.0" encoding="UTF-8"?>
<testsuite xmlns:xsi="http://www.w3.org/2001/XMLSchema-instance" xsi:noNamespaceSchemaLocation="https://maven.apache.org/surefire/maven-surefire-plugin/xsd/surefire-test-report.xsd" name="tests.televizorys.TelevizorPage_VO_Test" time="67.972" tests="2" errors="0" skipped="0" failures="0">
  <properties>
[...]
</properties>
  <testcase name="selectedProduct_Is_TV_PageTitleAssertTest{String}[1]" classname="tests.televizorys.TelevizorPage_VO_Test" time="34.592"/>
  <testcase name="selectedProduct_Is_TV_Multi_Assert_Test{String, int, String, int, int}[1]" classname="tests.televizorys.TelevizorPage_VO_Test" time="32.973"/>
</testsuite>