<?xml version="1.0" encoding="UTF-8"?>
<testsuite xmlns:xsi="http://www.w3.org/2001/XMLSchema-instance" xsi:noNamespaceSchemaLocation="https://maven.apache.org/surefire/maven-surefire-plugin/xsd/surefire-test-report.xsd" name="tests.televizorys.TelevizorPage_VO_Test" time="40.415" tests="1" errors="0" skipped="0" failures="1">
  <properties>
[...]
</properties>
  <testcase name="selectedProduct_Is_TV_new" classname="tests.televizorys.TelevizorPage_VO_Test" time="40.086">
    <failure message="Ошибка! Заголовок страницы не соответствует ожидаемому! ==&gt; expected: &lt;Купить 75&quot; (189 см) Телевизор LED Samsung QE75Q950TSUXRU серый в интернет магазине DNS. Характеристики, цена Samsung QE75Q950TSUXRU | 8165296&gt; but was: &lt;Технические характеристики 75&quot; (189 см) Телевизор LED Samsung QE75Q950TSUXRU серый | 8165296 . Интернет-магазин DNS&gt;" type="org.opentest4j.AssertionFailedError"><![CDATA[org.opentest4j.AssertionFailedError: Ошибка! Заголовок страницы не соответствует ожидаемому! ==> expected: <Купить 75" (189 см) Телевизор LED Samsung QE75Q950TSUXRU серый в интернет магазине DNS. Характеристики, цена Samsung QE75Q950TSUXRU | 8165296> but was: <Технические характеристики 75" (189 см) Телевизор LED Samsung QE75Q950TSUXRU серый | 8165296 . Интернет-магазин DNS>
	at tests.televizorys.TelevizorPage_VO_Test.selectedProduct_Is_TV_new(TelevizorPage_VO_Test.java:42)
]]></failure>
    <system-out><![CDATA[[16:50:06.649] | INFO  | main                             | WebDriverFactory                 | Драйвер браузера Google Chrome
[16:50:08.982] | INFO  | main                             | BaseTest                         | Драйвер стартовал!
[16:50:11.965] | INFO  | main                             | StartPage                        | Курсор мыши наведен на ссылку 'ТВ и мультимедиа'
[16:50:14.160] | INFO  | main                             | StartPage                        | Нажата ссылка 'Телевизоры'
[16:50:17.294] | INFO  | main                             | TelevizoryPage                   | Скрыта шапка сайта
[16:50:17.461] | INFO  | main                             | TelevizoryPage                   | Установлен фильтр 'Производитель' -> Samsung  
[16:50:17.613] | INFO  | main                             | TelevizoryPage                   | Нажата выпадашка 'Выбор диагонали экрана'
[16:50:17.682] | INFO  | main                             | TelevizoryPage                   | Скрыт контейнер сайта
[16:50:17.866] | INFO  | main                             | TelevizoryPage                   | Выбрана диагональ экрана: от ->60 дюймов
[16:50:18.042] | INFO  | main                             | TelevizoryPage                   | Выбрана диагональ экрана: до ->80 дюймов
[16:50:18.155] | INFO  | main                             | TelevizoryPage                   | Нажата выпадашка 'Тип подсветки экрана'
[16:50:18.314] | INFO  | main                             | TelevizoryPage                   | Установлен фильтр 'Тип подсветки' ->Direct LED  
[16:50:18.460] | INFO  | main                             | TelevizoryPage                   | Нажата выпадашка - 'Частота обновления экрана'
[16:50:18.627] | INFO  | main                             | TelevizoryPage                   | Установлен фильтр частоты обновления экрана ->120 Гц
[16:50:18.750] | INFO  | main                             | TelevizoryPage                   | Применяем выбранные фильтры
[16:50:22.235] | INFO  | main                             | TelevizoryPage                   | Нажата выпадашка "Сортировка"
[16:50:22.361] | INFO  | main                             | TelevizoryPage                   | Установлена сортировка - 'Сначала дорогие'
[16:50:40.376] | INFO  | main                             | TelevizoryPage                   | Нажата ссылка первого продукта в списке
[16:50:43.261] | INFO  | main                             | TelevizoryProductPage            | Скрываем перекрывающий контейнер
[16:50:43.265] | INFO  | main                             | TelevizoryProductPage            | Заголовок страницы: Купить 75" (189 см) Телевизор LED Samsung QE75Q950TSUXRU серый в интернет магазине DNS. Характеристики, цена Samsung QE75Q950TSUXRU | 8165296
[16:50:43.390] | INFO  | main                             | TelevizoryProductPage            | Нажата ссылка 'Характеристики'
[16:50:45.813] | INFO  | main                             | TelevizoryProductPage            | Модель телевизора(производитель): Samsung QE75Q950TSUXRU
[16:50:45.817] | INFO  | main                             | TelevizoryProductPage            | Заголовок страницы: Технические характеристики 75" (189 см) Телевизор LED Samsung QE75Q950TSUXRU серый | 8165296 . Интернет-магазин DNS
[16:50:46.688] | INFO  | main                             | BaseTest                         | Драйвер остановлен!
]]></system-out>
    <system-err><![CDATA[SLF4J: Failed to load class "org.slf4j.impl.StaticLoggerBinder".
SLF4J: Defaulting to no-operation (NOP) logger implementation
SLF4J: See http://www.slf4j.org/codes.html#StaticLoggerBinder for further details.
Starting ChromeDriver 93.0.4577.63 (ff5c0da2ec0adeaed5550e6c7e98417dac77d98a-refs/branch-heads/4577@{#1135}) on port 22033
Only local connections are allowed.
Please see https://chromedriver.chromium.org/security-considerations for suggestions on keeping ChromeDriver safe.
ChromeDriver was started successfully.
сент. 09, 2021 4:50:08 PM org.openqa.selenium.remote.ProtocolHandshake createSession
INFO: Detected dialect: W3C
сент. 09, 2021 4:50:08 PM org.openqa.selenium.devtools.CdpVersionFinder findNearestMatch
WARNING: Unable to find an exact match for CDP version 93, so returning the closest version found: 91
сент. 09, 2021 4:50:08 PM org.openqa.selenium.devtools.CdpVersionFinder findNearestMatch
INFO: Found CDP implementation for version 93 of 91
]]></system-err>
  </testcase>
</testsuite>