-------------------------------------------------------------------------------
Test set: tests.televizorys.TelevizorPage_VO_Test
-------------------------------------------------------------------------------
Tests run: 1, Failures: 1, Errors: 0, Skipped: 0, Time elapsed: 40.415 s <<< FAILURE! - in tests.televizorys.TelevizorPage_VO_Test
selectedProduct_Is_TV_new  Time elapsed: 40.086 s  <<< FAILURE!
org.opentest4j.AssertionFailedError: Ошибка! Заголовок страницы не соответствует ожидаемому! ==> expected: <Купить 75" (189 см) Телевизор LED Samsung QE75Q950TSUXRU серый в интернет магазине DNS. Характеристики, цена Samsung QE75Q950TSUXRU | 8165296> but was: <Технические характеристики 75" (189 см) Телевизор LED Samsung QE75Q950TSUXRU серый | 8165296 . Интернет-магазин DNS>
	at tests.televizorys.TelevizorPage_VO_Test.selectedProduct_Is_TV_new(TelevizorPage_VO_Test.java:42)

